<?xml version="1.0" encoding="UTF-8"?>
<!-- Generated by org.testng.reporters.JUnitXMLReporter -->
<testsuite hostname="EPCNSZXW0281" ignored="8" name="Annotation1" tests="2" failures="0" timestamp="14 Jul 2017 02:46:25 GMT" time="0.066" errors="0">
  <testcase name="testCase1" time="0.005" classname="TestNGFrameWork.TestNGAnnotation"/>
  <testcase name="testCase2" time="0.005" classname="TestNGFrameWork.TestNGAnnotation"/>
  <testcase name="dependsGroups" time="0.0" classname="TestNGFrameWork.TestNGAnnotation">
    <ignored/>
  </testcase> <!-- dependsGroups -->
  <testcase name="one" time="0.0" classname="TestNGFrameWork.TestNGAnnotation">
    <ignored/>
  </testcase> <!-- one -->
  <testcase name="four" time="0.0" classname="TestNGFrameWork.TestNGAnnotation">
    <ignored/>
  </testcase> <!-- four -->
  <testcase name="car" time="0.0" classname="TestNGFrameWork.TestNGAnnotation">
    <ignored/>
  </testcase> <!-- car -->
  <testcase name="three" time="0.0" classname="TestNGFrameWork.TestNGAnnotation">
    <ignored/>
  </testcase> <!-- three -->
  <testcase name="carBook" time="0.0" classname="TestNGFrameWork.TestNGAnnotation">
    <ignored/>
  </testcase> <!-- carBook -->
  <testcase name="two" time="0.0" classname="TestNGFrameWork.TestNGAnnotation">
    <ignored/>
  </testcase> <!-- two -->
  <testcase name="dependsMethods" time="0.0" classname="TestNGFrameWork.TestNGAnnotation">
    <ignored/>
  </testcase> <!-- dependsMethods -->
</testsuite> <!-- Annotation1 -->
