<?xml version="1.0" encoding="UTF-8"?>
<!-- Generated by org.testng.reporters.JUnitXMLReporter -->
<testsuite hostname="EPCNSZXW0281" ignored="7" name="Test" tests="3" failures="0" timestamp="10 Jul 2017 09:31:20 GMT" time="0.049" errors="0">
  <testcase name="one" time="0.016" classname="TestNGFrameWork.TestNGAnnotation"/>
  <testcase name="two" time="0.002" classname="TestNGFrameWork.TestNGAnnotation"/>
  <testcase name="four" time="0.002" classname="TestNGFrameWork.TestNGAnnotation"/>
  <testcase name="dependsGroups" time="0.0" classname="TestNGFrameWork.TestNGAnnotation">
    <ignored/>
  </testcase> <!-- dependsGroups -->
  <testcase name="testCase2" time="0.0" classname="TestNGFrameWork.TestNGAnnotation">
    <ignored/>
  </testcase> <!-- testCase2 -->
  <testcase name="car" time="0.0" classname="TestNGFrameWork.TestNGAnnotation">
    <ignored/>
  </testcase> <!-- car -->
  <testcase name="three" time="0.0" classname="TestNGFrameWork.TestNGAnnotation">
    <ignored/>
  </testcase> <!-- three -->
  <testcase name="testCase1" time="0.0" classname="TestNGFrameWork.TestNGAnnotation">
    <ignored/>
  </testcase> <!-- testCase1 -->
  <testcase name="carBook" time="0.0" classname="TestNGFrameWork.TestNGAnnotation">
    <ignored/>
  </testcase> <!-- carBook -->
  <testcase name="dependsMethods" time="0.0" classname="TestNGFrameWork.TestNGAnnotation">
    <ignored/>
  </testcase> <!-- dependsMethods -->
</testsuite> <!-- Test -->
