<?xml version="1.0" encoding="UTF-8"?>
<!-- Generated by org.testng.reporters.JUnitXMLReporter -->
<testsuite hostname="EPCNSZXW0281" ignored="7" name="TestRunner" tests="2" failures="0" timestamp="06 Jun 2017 08:49:36 GMT" time="4.819" errors="0">
  <testcase name="openPricePage" time="4.691" classname="LocatorFindElements.TestRunner"/>
  <testcase name="testFindByXpathList" time="0.106" classname="LocatorFindElements.TestRunner"/>
  <testcase name="testFindByLinkText" time="0.0" classname="LocatorFindElements.TestRunner">
    <ignored/>
  </testcase> <!-- testFindByLinkText -->
  <testcase name="testFindByID" time="0.0" classname="LocatorFindElements.TestRunner">
    <ignored/>
  </testcase> <!-- testFindByID -->
  <testcase name="testFindByName" time="0.0" classname="LocatorFindElements.TestRunner">
    <ignored/>
  </testcase> <!-- testFindByName -->
  <testcase name="testFindByPartialLinkText" time="0.0" classname="LocatorFindElements.TestRunner">
    <ignored/>
  </testcase> <!-- testFindByPartialLinkText -->
  <testcase name="openHomePage" time="0.0" classname="LocatorFindElements.TestRunner">
    <ignored/>
  </testcase> <!-- openHomePage -->
  <testcase name="testFindByClassName" time="0.0" classname="LocatorFindElements.TestRunner">
    <ignored/>
  </testcase> <!-- testFindByClassName -->
  <testcase name="testFindByTagName" time="0.0" classname="LocatorFindElements.TestRunner">
    <ignored/>
  </testcase> <!-- testFindByTagName -->
</testsuite> <!-- TestRunner -->
