<?xml version="1.0" encoding="UTF-8"?>
<!-- Generated by org.testng.reporters.JUnitXMLReporter -->
<testsuite hostname="EPCNSZXW0281" ignored="7" name="TestRunner-HomePage" tests="6" failures="0" timestamp="07 Jun 2017 05:58:55 GMT" time="4.178" errors="0">
  <testcase name="openPricePage" time="3.917" classname="LocatorFindElements.TestRunner"/>
  <testcase name="testFindByXpathContains" time="0.103" classname="LocatorFindElements.TestRunner"/>
  <testcase name="testFindByXpathList" time="0.065" classname="LocatorFindElements.TestRunner"/>
  <testcase name="testFindByXpathPosition" time="0.022" classname="LocatorFindElements.TestRunner"/>
  <testcase name="testFindByXpathPredications" time="0.021" classname="LocatorFindElements.TestRunner"/>
  <testcase name="testFindByXpathText" time="0.021" classname="LocatorFindElements.TestRunner"/>
  <testcase name="testFindByLinkText" time="0.0" classname="LocatorFindElements.TestRunner">
    <ignored/>
  </testcase> <!-- testFindByLinkText -->
  <testcase name="testFindByID" time="0.0" classname="LocatorFindElements.TestRunner">
    <ignored/>
  </testcase> <!-- testFindByID -->
  <testcase name="testFindByName" time="0.0" classname="LocatorFindElements.TestRunner">
    <ignored/>
  </testcase> <!-- testFindByName -->
  <testcase name="testFindByPartialLinkText" time="0.0" classname="LocatorFindElements.TestRunner">
    <ignored/>
  </testcase> <!-- testFindByPartialLinkText -->
  <testcase name="openHomePage" time="0.0" classname="LocatorFindElements.TestRunner">
    <ignored/>
  </testcase> <!-- openHomePage -->
  <testcase name="testFindByTagName" time="0.0" classname="LocatorFindElements.TestRunner">
    <ignored/>
  </testcase> <!-- testFindByTagName -->
  <testcase name="testFindByClassName" time="0.0" classname="LocatorFindElements.TestRunner">
    <ignored/>
  </testcase> <!-- testFindByClassName -->
</testsuite> <!-- TestRunner-HomePage -->
