<?xml version="1.0" encoding="UTF-8"?>
<!-- Generated by org.testng.reporters.JUnitXMLReporter -->
<testsuite hostname="EPCNSZXW0281" ignored="7" name="TestRunner-PricePage" tests="1" failures="0" timestamp="07 Jun 2017 02:02:07 GMT" time="0.013" errors="0">
  <testcase name="testFindByXpathList" time="0.011" classname="LocatorFindElements.TestRunner"/>
  <testcase name="testFindByLinkText" time="0.0" classname="LocatorFindElements.TestRunner">
    <ignored/>
  </testcase> <!-- testFindByLinkText -->
  <testcase name="testFindByID" time="0.0" classname="LocatorFindElements.TestRunner">
    <ignored/>
  </testcase> <!-- testFindByID -->
  <testcase name="testFindByName" time="0.0" classname="LocatorFindElements.TestRunner">
    <ignored/>
  </testcase> <!-- testFindByName -->
  <testcase name="testOpenPage" time="0.0" classname="LocatorFindElements.TestRunner">
    <ignored/>
  </testcase> <!-- testOpenPage -->
  <testcase name="testFindByPartialLinkText" time="0.0" classname="LocatorFindElements.TestRunner">
    <ignored/>
  </testcase> <!-- testFindByPartialLinkText -->
  <testcase name="testFindByClassName" time="0.0" classname="LocatorFindElements.TestRunner">
    <ignored/>
  </testcase> <!-- testFindByClassName -->
  <testcase name="testFindByTagName" time="0.0" classname="LocatorFindElements.TestRunner">
    <ignored/>
  </testcase> <!-- testFindByTagName -->
</testsuite> <!-- TestRunner-PricePage -->
